kernel line : count latency dram_traffic smem_bk_conflicts smem_warp gmem_access_generated gmem_warp exposed_latency warp_divergence
_1.ptx 199 : 946688 3842336 0 0 0 0 0 0 0 
_1.ptx 200 : 473344 4414784 0 0 0 0 0 0 0 
_1.ptx 201 : 473344 3970112 0 0 0 0 0 0 0 
_1.ptx 202 : 473344 2982487 0 0 0 0 0 0 0 
_1.ptx 203 : 473344 4264079 0 0 0 0 0 0 0 
_1.ptx 204 : 473344 3218429 0 0 0 0 0 0 0 
_1.ptx 205 : 473344 4131607 0 0 0 0 0 0 0 
_1.ptx 206 : 473344 6438631 0 14620 14620 0 0 0 0 
_1.ptx 207 : 473344 3611401 0 14620 14620 0 0 0 0 
_1.ptx 208 : 473344 3187680 0 0 0 0 0 0 0 
_1.ptx 209 : 473344 3850688 0 0 0 0 0 0 0 
_1.ptx 210 : 473344 3918784 0 0 0 0 0 0 0 
_1.ptx 211 : 473344 3513120 0 0 0 0 0 0 0 
_1.ptx 216 : 473344 4497952 0 0 0 0 0 0 0 
_1.ptx 217 : 473344 3702656 0 0 0 0 0 0 0 
_1.ptx 218 : 473344 1638144 0 0 0 0 0 0 0 
_1.ptx 219 : 262144 2068680 0 0 0 0 0 0 0 
_1.ptx 220 : 262144 4368288 0 0 0 0 0 0 0 
_1.ptx 221 : 262144 5003024 0 0 0 0 0 0 0 
_1.ptx 222 : 262144 3888496 0 11008 11008 0 0 0 0 
_1.ptx 223 : 262144 2220448 0 0 0 0 0 0 0 
_1.ptx 224 : 262144 4670080 0 0 0 0 0 0 0 
_1.ptx 225 : 262144 5445744 0 0 0 0 0 0 0 
_1.ptx 226 : 262144 5561624 0 0 0 0 0 0 0 
_1.ptx 227 : 262144 2520664 0 0 0 0 0 0 0 
_1.ptx 228 : 262144 2578632 0 0 0 0 0 0 0 
_1.ptx 229 : 262144 3308952 0 0 0 0 0 0 0 
_1.ptx 230 : 262144 2679312 0 0 0 0 0 0 0 
_1.ptx 231 : 262144 3445544 0 0 0 0 0 0 0 
_1.ptx 232 : 262144 3469128 0 0 0 0 0 0 0 
_1.ptx 233 : 262144 5626432 0 0 0 0 0 0 0 
_1.ptx 234 : 262144 2698728 0 0 0 0 0 0 0 
_1.ptx 235 : 262144 3364056 0 0 0 0 0 0 0 
_1.ptx 236 : 262144 3273736 0 0 0 0 0 0 0 
_1.ptx 237 : 262144 2511952 0 0 0 0 0 0 0 
_1.ptx 238 : 262144 3000424 0 11008 11008 0 0 0 0 
_1.ptx 239 : 262144 3095648 0 0 0 0 0 0 0 
_1.ptx 240 : 262144 2203904 888512 0 0 27136 11008 0 0 
_1.ptx 242 : 262144 2082280 0 0 0 0 0 0 0 
_1.ptx 43 : 473344 3595520 0 0 0 0 0 0 0 
_1.ptx 44 : 473344 3631776 0 0 0 0 0 0 0 
_1.ptx 45 : 473344 5283520 0 0 0 0 0 0 0 
_1.ptx 46 : 473344 7286912 0 0 0 0 0 0 0 
_1.ptx 47 : 473344 7355584 0 0 0 0 0 0 0 
_1.ptx 48 : 473344 4033728 0 0 0 0 0 0 0 
_1.ptx 49 : 473344 4071936 0 0 0 0 0 0 0 
_1.ptx 50 : 473344 6861152 0 0 0 0 0 0 0 
_1.ptx 51 : 473344 4067360 0 0 0 0 0 0 0 
_1.ptx 52 : 473344 5341664 0 0 0 0 0 0 0 
_1.ptx 53 : 473344 5696672 0 0 0 0 0 0 0 
_1.ptx 54 : 473344 3515744 0 0 0 0 0 0 0 
_1.ptx 55 : 473344 12960 0 0 0 0 0 0 0 
_1.ptx 56 : 471968 4941632 0 0 0 0 0 0 0 
_1.ptx 57 : 471968 4196032 0 0 0 0 0 0 0 
_1.ptx 58 : 471968 29472 0 0 0 0 0 0 0 
_1.ptx 59 : 467840 3405920 0 0 0 0 0 0 0 
_1.ptx 60 : 467840 5967552 0 0 0 0 0 0 0 
_1.ptx 61 : 467840 6569344 0 0 0 0 0 0 0 
_1.ptx 62 : 467840 3840960 0 0 0 0 0 0 0 
_1.ptx 63 : 467840 6516864 0 0 0 0 0 0 0 
_1.ptx 64 : 467840 3761408 0 0 0 0 0 0 0 
_1.ptx 65 : 467840 5148544 0 0 0 0 0 0 0 
_1.ptx 66 : 467840 5476352 0 0 0 0 0 0 0 
_1.ptx 67 : 467840 9776 0 0 0 0 0 0 340 
_1.ptx 68 : 466480 4781176 0 0 0 0 0 0 0 
_1.ptx 69 : 466480 4096224 0 0 0 0 0 0 0 
_1.ptx 70 : 466480 29268 0 0 0 0 0 0 340 
_1.ptx 71 : 462400 10891912 0 14620 14620 0 0 0 0 
_1.ptx 72 : 462400 6027424 0 0 0 0 0 0 0 
_1.ptx 73 : 462400 6678064 0 0 0 0 0 0 0 
_1.ptx 74 : 462400 3873700 0 0 0 0 0 0 0 
_1.ptx 75 : 462400 6643480 0 0 0 0 0 0 0 
_1.ptx 76 : 462400 5458816 0 0 0 0 0 0 0 
_1.ptx 77 : 462400 3888584 0 0 0 0 0 0 0 
_1.ptx 78 : 462400 3829468 0 0 0 0 0 0 0 
_1.ptx 79 : 462400 5419920 0 0 0 0 0 0 0 
_1.ptx 80 : 462400 5132524 0 0 0 0 0 0 0 
_1.ptx 81 : 462400 125112392 1048576 0 0 42840 14620 0 0 
_1.ptx 82 : 462400 3761792 0 0 0 0 0 0 0 
_1.ptx 83 : 462400 5126672 0 0 0 0 0 0 0 
_1.ptx 84 : 462400 129539736 1048576 0 0 42840 14620 0 0 
_1.ptx 85 : 462400 13037816 0 14620 14620 0 0 0 0 
_1.ptx 86 : 462400 11004868 0 14620 14620 0 0 0 0 
_1.ptx 87 : 473344 3545600 0 0 0 0 0 0 0 
_1.ptx 88 : 473344 3596960 0 0 0 0 0 0 0 
_1.ptx 89 : 473344 4218272 0 0 0 0 0 0 0 
_1.ptx 90 : 473344 0 0 0 0 0 0 0 0 
_1.ptx 91 : 473344 3787008 0 0 0 0 0 0 0 
_1.ptx 92 : 473344 7244160 0 0 0 0 0 0 0 
_1.ptx 93 : 473344 7420352 0 0 0 0 0 0 0 
_1.ptx 94 : 473344 4172256 0 0 0 0 0 0 0 
_1.ptx 95 : 473344 6773792 0 0 0 0 0 0 0 
_1.ptx 96 : 473344 5655008 0 0 0 0 0 0 0 
_1.ptx 97 : 473344 5251712 0 0 0 0 0 0 0 
_1.ptx 98 : 473344 5261312 0 0 0 0 0 0 0 
_1.ptx 99 : 473344 5780000 0 0 0 0 0 0 0 
_1.ptx 100 : 473344 5777760 0 0 0 0 0 0 0 
_1.ptx 101 : 473344 4744064 0 0 0 0 0 0 0 
_1.ptx 102 : 473344 4679360 0 0 0 0 0 0 0 
_1.ptx 103 : 473344 4634272 0 0 0 0 0 0 0 
_1.ptx 104 : 473344 5936320 0 0 0 0 0 0 0 
_1.ptx 105 : 473344 5868192 0 0 0 0 0 0 0 
_1.ptx 106 : 473344 4072512 0 0 0 0 0 0 0 
_1.ptx 107 : 473344 5888736 0 0 0 0 0 0 0 
_1.ptx 108 : 473344 4125952 0 0 0 0 0 0 0 
_1.ptx 109 : 473344 4672480 0 0 0 0 0 0 0 
_1.ptx 110 : 473344 133248 0 0 0 0 0 0 0 
_1.ptx 111 : 473344 133856 0 0 0 0 0 0 0 
_1.ptx 112 : 473344 5720928 0 0 0 0 0 0 0 
_1.ptx 113 : 473344 4149408 0 0 0 0 0 0 0 
_1.ptx 114 : 473344 5117024 0 14792 14792 0 0 0 0 
_1.ptx 115 : 473344 4323456 0 14792 14792 0 0 0 0 
_1.ptx 116 : 473344 4173088 0 0 0 0 0 0 0 
_1.ptx 117 : 473344 0 0 0 0 0 0 0 0 
_1.ptx 118 : 473344 0 0 0 0 0 0 0 0 
_1.ptx 119 : 473344 11488480 0 0 0 0 0 0 0 
_1.ptx 120 : 473344 6819200 0 0 0 0 0 0 0 
_1.ptx 121 : 473344 3992864 0 0 0 0 0 0 0 
_1.ptx 122 : 473344 5338560 0 14792 14792 0 0 0 0 
_1.ptx 123 : 473344 4709888 0 14792 14792 0 0 0 0 
_1.ptx 124 : 473344 5546144 0 0 0 0 0 0 0 
_1.ptx 125 : 473344 5686752 0 0 0 0 0 0 0 
_1.ptx 126 : 473344 4457504 0 14792 14792 0 0 0 0 
_1.ptx 127 : 473344 5293696 0 0 0 0 0 0 0 
_1.ptx 128 : 473344 4541312 0 0 0 0 0 0 0 
_1.ptx 129 : 473344 4516768 0 0 0 0 0 0 0 
_1.ptx 130 : 473344 14228224 0 0 0 0 0 0 0 
_1.ptx 131 : 473344 16323392 0 0 0 0 0 0 0 
_1.ptx 132 : 473344 10108320 0 0 0 0 0 0 0 
_1.ptx 133 : 473344 5801312 0 0 0 0 0 0 0 
_1.ptx 134 : 473344 5872320 0 0 0 0 0 0 0 
_1.ptx 135 : 473344 10412736 0 0 0 0 0 0 0 
_1.ptx 136 : 473344 16612032 0 0 0 0 0 0 0 
_1.ptx 137 : 473344 10275968 0 0 0 0 0 0 0 
_1.ptx 138 : 473344 10343904 0 0 0 0 0 0 0 
_1.ptx 139 : 946688 11446976 0 0 0 0 0 0 0 
_1.ptx 140 : 946688 9345248 0 0 0 0 0 0 0 
_1.ptx 141 : 946688 7894496 0 0 0 0 0 0 0 
_1.ptx 142 : 946688 8824992 0 0 0 0 0 0 0 
_1.ptx 143 : 946688 720746 0 0 0 0 0 0 29584 
_1.ptx 144 : 857936 10372858 0 0 0 0 0 0 0 
_1.ptx 145 : 857936 8224990 0 0 0 0 0 0 0 
_1.ptx 146 : 857936 704796 0 0 0 0 0 0 0 
_1.ptx 147 : 769184 7238304 0 0 0 0 0 0 0 
_1.ptx 148 : 769184 574448 0 0 0 0 0 0 1849 
_1.ptx 149 : 698922 6518210 0 0 0 0 0 0 0 
_1.ptx 150 : 698922 517134 0 0 0 0 0 0 0 
_1.ptx 151 : 628660 5860076 0 0 0 0 0 0 0 
_1.ptx 152 : 628660 4941 0 0 0 0 0 0 344 
_1.ptx 153 : 628058 5852825 0 0 0 0 0 0 0 
_1.ptx 154 : 628058 39316 0 0 0 0 0 0 0 
_1.ptx 155 : 622984 5794221 0 0 0 0 0 0 0 
_1.ptx 156 : 622984 4931 0 0 0 0 0 0 0 
_1.ptx 157 : 622388 5778867 0 0 0 0 0 0 0 
_1.ptx 158 : 622388 37776 0 0 0 0 0 0 0 
_1.ptx 159 : 617360 5453719 0 0 0 0 0 0 0 
_1.ptx 160 : 617360 5594885 0 0 0 0 0 0 0 
_1.ptx 161 : 617360 7539068 0 0 0 0 0 0 0 
_1.ptx 162 : 617360 5573396 0 0 0 0 0 0 0 
_1.ptx 163 : 617360 7675160 0 0 0 0 0 0 0 
_1.ptx 164 : 617360 5672868 0 0 0 0 0 0 0 
_1.ptx 165 : 617360 7631506 0 0 0 0 0 0 0 
_1.ptx 166 : 617360 5585432 0 0 0 0 0 0 0 
_1.ptx 167 : 617360 7696538 0 0 0 0 0 0 0 
_1.ptx 168 : 617360 8325847 0 0 0 0 0 0 0 
_1.ptx 169 : 617360 5725732 0 0 0 0 0 0 0 
_1.ptx 170 : 617360 11238844 0 25628 25628 0 0 0 0 
_1.ptx 171 : 617360 5487712 0 0 0 0 0 0 0 
_1.ptx 172 : 617360 5530281 0 0 0 0 0 0 0 
_1.ptx 173 : 617360 5488144 0 0 0 0 0 0 0 
_1.ptx 174 : 617360 7556836 0 0 0 0 0 0 0 
_1.ptx 175 : 617360 7540131 0 25628 25628 0 0 0 0 
_1.ptx 176 : 617360 7182912 0 0 0 0 0 0 0 
_1.ptx 177 : 617360 7843798 0 0 0 0 0 0 0 
_1.ptx 178 : 617360 5742849 0 0 0 0 0 0 0 
_1.ptx 179 : 617360 7794257 0 0 0 0 0 0 0 
_1.ptx 180 : 617360 5662276 0 0 0 0 0 0 0 
_1.ptx 181 : 617360 5737503 0 0 0 0 0 0 0 
_1.ptx 182 : 617360 7793070 0 0 0 0 0 0 0 
_1.ptx 183 : 617360 5760029 0 0 0 0 0 0 0 
_1.ptx 184 : 617360 7563431 0 0 0 0 0 0 0 
_1.ptx 185 : 617360 8705850 0 0 0 0 0 0 0 
_1.ptx 186 : 617360 7802494 0 0 0 0 0 0 0 
_1.ptx 187 : 617360 5985409 0 0 0 0 0 0 0 
_1.ptx 188 : 617360 7907764 0 0 0 0 0 0 0 
_1.ptx 189 : 617360 8758600 0 0 0 0 0 0 0 
_1.ptx 190 : 617360 5660712 0 0 0 0 0 0 0 
_1.ptx 191 : 617360 7682575 0 0 0 0 0 0 0 
_1.ptx 192 : 617360 5597458 0 0 0 0 0 0 0 
_1.ptx 193 : 617360 8636895 0 0 0 0 0 0 0 
_1.ptx 194 : 617360 8557100 0 25628 25628 0 0 0 0 
_1.ptx 195 : 617360 4888000 0 0 0 0 0 0 0 
_1.ptx 196 : 946688 7592448 0 0 0 0 0 0 0 
_1.ptx 197 : 946688 7419872 0 0 0 0 0 0 0 
_1.ptx 198 : 946688 8741536 0 0 0 0 0 0 0 
